warning: test tests/userprog/exec-bound-3 doesn't count for grading
warning: test tests/userprog/exec-bound doesn't count for grading
warning: test tests/userprog/exec-bound-2 doesn't count for grading
warning: test tests/userprog/sc-boundary-3 doesn't count for grading
TOTAL TESTING SCORE: 70.0%

- - - - - - - - - - - - - - - - - - - - - - - - - - - - - - - - - - - - - - 

SUMMARY BY TEST SET

Test Set                                      Pts Max  % Ttl  % Max
--------------------------------------------- --- --- ------ ------
tests/userprog/Rubric.functionality           108/108  24.5%/ 24.5%
tests/userprog/Rubric.robustness               88/ 88  17.5%/ 17.5%
tests/userprog/Rubric.signal                    0/  3   0.0%/ 30.0%
tests/userprog/no-vm/Rubric                     1/  1   7.0%/  7.0%
tests/filesys/base/Rubric                      30/ 30  21.0%/ 21.0%
--------------------------------------------- --- --- ------ ------
Total                                                  70.0%/100.0%

- - - - - - - - - - - - - - - - - - - - - - - - - - - - - - - - - - - - - - 

SUMMARY OF INDIVIDUAL TESTS

Functionality of system calls (tests/userprog/Rubric.functionality):
	- Test argument passing on Pintos command line.
	     3/ 3 tests/userprog/args-none
	     3/ 3 tests/userprog/args-single
	     3/ 3 tests/userprog/args-multiple
	     3/ 3 tests/userprog/args-many
	     3/ 3 tests/userprog/args-dbl-space

	- Test "create" system call.
	     3/ 3 tests/userprog/create-empty
	     3/ 3 tests/userprog/create-long
	     3/ 3 tests/userprog/create-normal
	     3/ 3 tests/userprog/create-exists

	- Test "open" system call.
	     3/ 3 tests/userprog/open-missing
	     3/ 3 tests/userprog/open-normal
	     3/ 3 tests/userprog/open-twice

	- Test "read" system call.
	     3/ 3 tests/userprog/read-normal
	     3/ 3 tests/userprog/read-zero

	- Test "write" system call.
	     3/ 3 tests/userprog/write-normal
	     3/ 3 tests/userprog/write-zero

	- Test "close" system call.
	     3/ 3 tests/userprog/close-normal

	- Test "exec" system call.
	     5/ 5 tests/userprog/exec-once
	     5/ 5 tests/userprog/exec-multiple
	     5/ 5 tests/userprog/exec-arg

	- Test "wait" system call.
	     5/ 5 tests/userprog/wait-simple
	     5/ 5 tests/userprog/wait-twice

	- Test "exit" system call.
	     5/ 5 tests/userprog/exit

	- Test "halt" system call.
	     3/ 3 tests/userprog/halt

	- Test recursive execution of user programs.
	    15/15 tests/userprog/multi-recurse

	- Test read-only executable feature.
	     3/ 3 tests/userprog/rox-simple
	     3/ 3 tests/userprog/rox-child
	     3/ 3 tests/userprog/rox-multichild

	- Section summary.
	     28/ 28 tests passed
	    108/108 points subtotal

Robustness of system calls (tests/userprog/Rubric.robustness):
	- Test robustness of file descriptor handling.
	     2/ 2 tests/userprog/close-stdin
	     2/ 2 tests/userprog/close-stdout
	     2/ 2 tests/userprog/close-bad-fd
	     2/ 2 tests/userprog/close-twice
	     2/ 2 tests/userprog/read-bad-fd
	     2/ 2 tests/userprog/read-stdout
	     2/ 2 tests/userprog/write-bad-fd
	     2/ 2 tests/userprog/write-stdin
	     2/ 2 tests/userprog/multi-child-fd

	- Test robustness of pointer handling.
	     3/ 3 tests/userprog/create-bad-ptr
	     3/ 3 tests/userprog/exec-bad-ptr
	     3/ 3 tests/userprog/open-bad-ptr
	     3/ 3 tests/userprog/read-bad-ptr
	     3/ 3 tests/userprog/write-bad-ptr

	- Test robustness of buffer copying across page boundaries.
	     3/ 3 tests/userprog/create-bound
	     3/ 3 tests/userprog/open-boundary
	     3/ 3 tests/userprog/read-boundary
	     3/ 3 tests/userprog/write-boundary

	- Test handling of null pointer and empty strings.
	     2/ 2 tests/userprog/create-null
	     2/ 2 tests/userprog/open-null
	     2/ 2 tests/userprog/open-empty

	- Test robustness of system call implementation.
	     3/ 3 tests/userprog/sc-bad-arg
	     3/ 3 tests/userprog/sc-bad-sp
	     5/ 5 tests/userprog/sc-boundary
	     5/ 5 tests/userprog/sc-boundary-2

	- Test robustness of "exec" and "wait" system calls.
	     5/ 5 tests/userprog/exec-missing
	     5/ 5 tests/userprog/wait-bad-pid
	     5/ 5 tests/userprog/wait-killed

	- Test robustness of exception handling.
	     1/ 1 tests/userprog/bad-read
	     1/ 1 tests/userprog/bad-write
	     1/ 1 tests/userprog/bad-jump
	     1/ 1 tests/userprog/bad-read2
	     1/ 1 tests/userprog/bad-write2
	     1/ 1 tests/userprog/bad-jump2

	- Section summary.
	     34/ 34 tests passed
	     88/ 88 points subtotal

Signal implementation (tests/userprog/Rubric.signal):
	- Test signal functionality.
	  ** 0/ 3 tests/userprog/sig-simple

	- Section summary.
	      0/  1 tests passed
	      0/  3 points subtotal

Functionality of features that VM might break (tests/userprog/no-vm/Rubric):

	     1/ 1 tests/userprog/no-vm/multi-oom

	- Section summary.
	      1/  1 tests passed
	      1/  1 points subtotal

Functionality of base file system (tests/filesys/base/Rubric):
	- Test basic support for small files.
	     1/ 1 tests/filesys/base/sm-create
	     2/ 2 tests/filesys/base/sm-full
	     2/ 2 tests/filesys/base/sm-random
	     2/ 2 tests/filesys/base/sm-seq-block
	     3/ 3 tests/filesys/base/sm-seq-random

	- Test basic support for large files.
	     1/ 1 tests/filesys/base/lg-create
	     2/ 2 tests/filesys/base/lg-full
	     2/ 2 tests/filesys/base/lg-random
	     2/ 2 tests/filesys/base/lg-seq-block
	     3/ 3 tests/filesys/base/lg-seq-random

	- Test synchronized multiprogram access to files.
	     4/ 4 tests/filesys/base/syn-read
	     4/ 4 tests/filesys/base/syn-write
	     2/ 2 tests/filesys/base/syn-remove

	- Section summary.
	     13/ 13 tests passed
	     30/ 30 points subtotal


- - - - - - - - - - - - - - - - - - - - - - - - - - - - - - - - - - - - - - 

DETAILS OF tests/userprog/sig-simple FAILURE:

Test output failed to match any acceptable form.

Acceptable output:
  (sig-simple) begin
  (child-sig) run
  Signum: 1, Action: 0x80480a0
  Signum: 2, Action: 0x80480a1
  child-sig: exit(81)
  (sig-simple) end
  sig-simple: exit(0)
Differences in `diff -u' format:
  (sig-simple) begin
  (child-sig) run
  Signum: 1, Action: 0x80480a0
- Signum: 2, Action: 0x80480a1
+ Signum: 2, Action: 0x80480a5
  child-sig: exit(81)
  (sig-simple) end
  sig-simple: exit(0)

OUTPUT FROM tests/userprog/sig-simple:

Copying tests/userprog/sig-simple to scratch partition...
Copying tests/userprog/child-sig to scratch partition...
qemu-system-i386 -device isa-debug-exit -drive file=/tmp/Z6dcbgd2EH.dsk,format=raw,index=0,media=disk -m 4 -net none -nographic -monitor null
PiLo hda1
Loading.........
Kernel command line: -q -f extract run sig-simple
Pintos booting with 3,968 kB RAM...
367 pages available in kernel pool.
367 pages available in user pool.
Calibrating timer...  274,841,600 loops/s.
hda: 5,040 sectors (2 MB), model "QM00001", serial "QEMU HARDDISK"
hda1: 149 sectors (74 kB), Pintos OS kernel (20)
hda2: 4,096 sectors (2 MB), Pintos file system (21)
hda3: 201 sectors (100 kB), Pintos scratch (22)
filesys: using hda2
scratch: using hda3
Formatting file system...done.
Boot complete.
Extracting ustar archive from scratch device into file system...
Putting 'sig-simple' into the file system...
Putting 'child-sig' into the file system...
Erasing ustar archive...
Executing 'sig-simple':
(sig-simple) begin
(child-sig) run
Signum: 1, Action: 0x80480a0
Signum: 2, Action: 0x80480a5
child-sig: exit(81)
(sig-simple) end
sig-simple: exit(0)
Execution of 'sig-simple' complete.
Timer: 76 ticks
Thread: 16 idle ticks, 59 kernel ticks, 1 user ticks
hda2 (filesys): 126 reads, 408 writes
hda3 (scratch): 200 reads, 2 writes
Console: 1033 characters output
Keyboard: 0 keys pressed
Exception: 0 page faults
Powering off...
